Application.obj : error LNK2019: unresolved external symbol "public: __thiscall sf::String::String(char const *,class std::locale const &)" (??0String@sf@@QAE@PBDABVlocale@std@@@Z) referenced in function _main
Application.obj : error LNK2019: unresolved external symbol "public: __thiscall sf::String::String(class std::basic_string<char,struct std::char_traits<char>,class std::allocator<char> > const &,class std::locale const &)" (??0String@sf@@QAE@ABV?$basic_string@DU?$char_traits@D@std@@V?$allocator@D@2@@std@@ABVlocale@3@@Z) referenced in function _main
Application.obj : error LNK2019: unresolved external symbol "public: static bool __cdecl sf::Keyboard::isKeyPressed(enum sf::Keyboard::Key)" (?isKeyPressed@Keyboard@sf@@SA_NW4Key@12@@Z) referenced in function _main
Application.obj : error LNK2019: unresolved external symbol "public: static bool __cdecl sf::Mouse::isButtonPressed(enum sf::Mouse::Button)" (?isButtonPressed@Mouse@sf@@SA_NW4Button@12@@Z) referenced in function _main
Application.obj : error LNK2019: unresolved external symbol "public: static class sf::Vector2<int> __cdecl sf::Mouse::getPosition(class sf::WindowBase const &)" (?getPosition@Mouse@sf@@SA?AV?$Vector2@H@2@ABVWindowBase@2@@Z) referenced in function _main
Application.obj : error LNK2019: unresolved external symbol "public: __thiscall sf::VideoMode::VideoMode(unsigned int,unsigned int,unsigned int)" (??0VideoMode@sf@@QAE@III@Z) referenced in function _main
Application.obj : error LNK2019: unresolved external symbol "public: bool __thiscall sf::WindowBase::isOpen(void)const " (?isOpen@WindowBase@sf@@QBE_NXZ) referenced in function _main
Application.obj : error LNK2019: unresolved external symbol "public: bool __thiscall sf::WindowBase::pollEvent(class sf::Event &)" (?pollEvent@WindowBase@sf@@QAE_NAAVEvent@2@@Z) referenced in function _main
Application.obj : error LNK2019: unresolved external symbol "public: virtual void __thiscall sf::Window::close(void)" (?close@Window@sf@@UAEXXZ) referenced in function _main
Application.obj : error LNK2019: unresolved external symbol "public: void __thiscall sf::Window::display(void)" (?display@Window@sf@@QAEXXZ) referenced in function _main
Application.obj : error LNK2019: unresolved external symbol "public: virtual __thiscall sf::Transformable::~Transformable(void)" (??1Transformable@sf@@UAE@XZ) referenced in function __unwindfunclet$??0Shape@sf@@QAE@ABV01@@Z$1
Application.obj : error LNK2019: unresolved external symbol "public: void __thiscall sf::Transformable::setPosition(float,float)" (?setPosition@Transformable@sf@@QAEXMM@Z) referenced in function _main
Application.obj : error LNK2019: unresolved external symbol "public: void __thiscall sf::Transformable::setPosition(class sf::Vector2<float> const &)" (?setPosition@Transformable@sf@@QAEXABV?$Vector2@M@2@@Z) referenced in function _main
Application.obj : error LNK2019: unresolved external symbol "public: class sf::Vector2<float> const & __thiscall sf::Transformable::getPosition(void)const " (?getPosition@Transformable@sf@@QBEABV?$Vector2@M@2@XZ) referenced in function _main
Application.obj : error LNK2019: unresolved external symbol "public: __thiscall sf::Color::Color(unsigned char,unsigned char,unsigned char,unsigned char)" (??0Color@sf@@QAE@EEEE@Z) referenced in function _main
Application.obj : error LNK2019: unresolved external symbol "bool __cdecl sf::operator==(class sf::Color const &,class sf::Color const &)" (??8sf@@YA_NABVColor@0@0@Z) referenced in function _main
Application.obj : error LNK2001: unresolved external symbol "private: virtual void __thiscall sf::VertexArray::draw(class sf::RenderTarget &,class sf::RenderStates)const " (?draw@VertexArray@sf@@EBEXAAVRenderTarget@2@VRenderStates@2@@Z)
Application.obj : error LNK2019: unresolved external symbol "public: virtual __thiscall sf::Shape::~Shape(void)" (??1Shape@sf@@UAE@XZ) referenced in function "public: virtual __thiscall sf::RectangleShape::~RectangleShape(void)" (??1RectangleShape@sf@@UAE@XZ)
Application.obj : error LNK2019: unresolved external symbol "public: void __thiscall sf::Shape::setFillColor(class sf::Color const &)" (?setFillColor@Shape@sf@@QAEXABVColor@2@@Z) referenced in function _main
Application.obj : error LNK2019: unresolved external symbol "public: void __thiscall sf::Shape::setOutlineColor(class sf::Color const &)" (?setOutlineColor@Shape@sf@@QAEXABVColor@2@@Z) referenced in function _main
Application.obj : error LNK2019: unresolved external symbol "public: void __thiscall sf::Shape::setOutlineThickness(float)" (?setOutlineThickness@Shape@sf@@QAEXM@Z) referenced in function _main
Application.obj : error LNK2019: unresolved external symbol "public: class sf::Color const & __thiscall sf::Shape::getFillColor(void)const " (?getFillColor@Shape@sf@@QBEABVColor@2@XZ) referenced in function _main
Application.obj : error LNK2019: unresolved external symbol "public: class sf::Rect<float> __thiscall sf::Shape::getGlobalBounds(void)const " (?getGlobalBounds@Shape@sf@@QBE?AV?$Rect@M@2@XZ) referenced in function _main
Application.obj : error LNK2001: unresolved external symbol "private: virtual void __thiscall sf::Shape::draw(class sf::RenderTarget &,class sf::RenderStates)const " (?draw@Shape@sf@@EBEXAAVRenderTarget@2@VRenderStates@2@@Z)
Application.obj : error LNK2019: unresolved external symbol "public: __thiscall sf::Font::Font(void)" (??0Font@sf@@QAE@XZ) referenced in function _main
Application.obj : error LNK2019: unresolved external symbol "public: __thiscall sf::Font::~Font(void)" (??1Font@sf@@QAE@XZ) referenced in function _main
Application.obj : error LNK2019: unresolved external symbol "public: bool __thiscall sf::Font::loadFromFile(class std::basic_string<char,struct std::char_traits<char>,class std::allocator<char> > const &)" (?loadFromFile@Font@sf@@QAE_NABV?$basic_string@DU?$char_traits@D@std@@V?$allocator@D@2@@std@@@Z) referenced in function _main
Application.obj : error LNK2019: unresolved external symbol "public: __thiscall sf::RectangleShape::RectangleShape(class sf::Vector2<float> const &)" (??0RectangleShape@sf@@QAE@ABV?$Vector2@M@1@@Z) referenced in function _main
Application.obj : error LNK2001: unresolved external symbol "public: virtual unsigned int __thiscall sf::RectangleShape::getPointCount(void)const " (?getPointCount@RectangleShape@sf@@UBEIXZ)
Application.obj : error LNK2001: unresolved external symbol "public: virtual class sf::Vector2<float> __thiscall sf::RectangleShape::getPoint(unsigned int)const " (?getPoint@RectangleShape@sf@@UBE?AV?$Vector2@M@2@I@Z)
Application.obj : error LNK2019: unresolved external symbol "public: void __thiscall sf::RenderTarget::clear(class sf::Color const &)" (?clear@RenderTarget@sf@@QAEXABVColor@2@@Z) referenced in function _main
Application.obj : error LNK2019: unresolved external symbol "public: void __thiscall sf::RenderTarget::draw(class sf::Drawable const &,class sf::RenderStates const &)" (?draw@RenderTarget@sf@@QAEXABVDrawable@2@ABVRenderStates@2@@Z) referenced in function _main
Application.obj : error LNK2019: unresolved external symbol "public: __thiscall sf::RenderWindow::RenderWindow(class sf::VideoMode,class sf::String const &,unsigned int,struct sf::ContextSettings const &)" (??0RenderWindow@sf@@QAE@VVideoMode@1@ABVString@1@IABUContextSettings@1@@Z) referenced in function _main
Application.obj : error LNK2019: unresolved external symbol "public: virtual __thiscall sf::RenderWindow::~RenderWindow(void)" (??1RenderWindow@sf@@UAE@XZ) referenced in function _main
Application.obj : error LNK2019: unresolved external symbol "public: __thiscall sf::Text::Text(void)" (??0Text@sf@@QAE@XZ) referenced in function _main
Application.obj : error LNK2019: unresolved external symbol "public: void __thiscall sf::Text::setString(class sf::String const &)" (?setString@Text@sf@@QAEXABVString@2@@Z) referenced in function _main
Application.obj : error LNK2019: unresolved external symbol "public: void __thiscall sf::Text::setFont(class sf::Font const &)" (?setFont@Text@sf@@QAEXABVFont@2@@Z) referenced in function _main
Application.obj : error LNK2019: unresolved external symbol "public: void __thiscall sf::Text::setCharacterSize(unsigned int)" (?setCharacterSize@Text@sf@@QAEXI@Z) referenced in function _main
Application.obj : error LNK2019: unresolved external symbol "public: void __thiscall sf::Text::setFillColor(class sf::Color const &)" (?setFillColor@Text@sf@@QAEXABVColor@2@@Z) referenced in function _main
Application.obj : error LNK2019: unresolved external symbol "public: class sf::Rect<float> __thiscall sf::Text::getGlobalBounds(void)const " (?getGlobalBounds@Text@sf@@QBE?AV?$Rect@M@2@XZ) referenced in function _main
Application.obj : error LNK2001: unresolved external symbol "public: static class sf::RenderStates const sf::RenderStates::Default" (?Default@RenderStates@sf@@2V12@B)
Application.obj : error LNK2001: unresolved external symbol "public: static class sf::Color const sf::Color::Black" (?Black@Color@sf@@2V12@B)
Application.obj : error LNK2001: unresolved external symbol "public: static class sf::Color const sf::Color::White" (?White@Color@sf@@2V12@B)
Application.obj : error LNK2001: unresolved external symbol "public: static class sf::Color const sf::Color::Red" (?Red@Color@sf@@2V12@B)
Application.obj : error LNK2001: unresolved external symbol "public: static class sf::Color const sf::Color::Green" (?Green@Color@sf@@2V12@B)
Application.obj : error LNK2001: unresolved external symbol "public: static class sf::Color const sf::Color::Magenta" (?Magenta@Color@sf@@2V12@B)
Application.obj : error LNK2001: unresolved external symbol "public: static class sf::Color const sf::Color::Transparent" (?Transparent@Color@sf@@2V12@B)
C:\Users\Adrian\Desktop\Proyectos\sfmlworking\Dependencies\lib\sfml-graphics-s-d.lib : warning LNK4272: library machine type 'x64' conflicts with target machine type 'x86'
C:\Users\Adrian\Desktop\Proyectos\sfmlworking\Dependencies\lib\sfml-window-s-d.lib : warning LNK4272: library machine type 'x64' conflicts with target machine type 'x86'
C:\Users\Adrian\Desktop\Proyectos\sfmlworking\Dependencies\lib\sfml-system-s-d.lib : warning LNK4272: library machine type 'x64' conflicts with target machine type 'x86'
C:\Users\Adrian\Desktop\Proyectos\sfmlworking\Dependencies\lib\freetype.lib : warning LNK4272: library machine type 'x64' conflicts with target machine type 'x86'
C:\Users\Adrian\Desktop\Proyectos\sfmlworking\Debug\SFMLProject.exe : fatal error LNK1120: 47 unresolved externals
